<?xml version="1.0" encoding="UTF-8"?>
<!-- Generated by org.testng.reporters.JUnitXMLReporter -->
<testsuite hostname="LAPTOP-NCHEJP9L" ignored="0" name="Test-firefox" tests="14" failures="5" timestamp="25 Jul 2022 18:32:40 GMT" time="1.739" errors="0">
  <testcase name="@BeforeClass initializeDriver" time="1.27" classname="com.lapCorpTaskTest.baseClass">
    <failure type="org.openqa.selenium.SessionNotCreatedException" message="session not created: This version of ChromeDriver only supports Chrome version 85
Build info: version: &amp;apos;3.141.59&amp;apos;, revision: &amp;apos;e82be7d358&amp;apos;, time: &amp;apos;2018-11-14T08:17:03&amp;apos;
System info: host: &amp;apos;LAPTOP-NCHEJP9L&amp;apos;, ip: &amp;apos;192.168.0.8&amp;apos;, os.name: &amp;apos;Windows 10&amp;apos;, os.arch: &amp;apos;x86&amp;apos;, os.version: &amp;apos;10.0&amp;apos;, java.version: &amp;apos;1.8.0_341&amp;apos;
Driver info: driver.version: ChromeDriver
remote stacktrace: Backtrace:
	Ordinal0 [0x00FFD383+3134339]
	Ordinal0 [0x00EEA171+2007409]
	Ordinal0 [0x00D8AEE8+569064]
	Ordinal0 [0x00D1139F+70559]
	Ordinal0 [0x00D0CC63+52323]
	Ordinal0 [0x00D30DFC+200188]
	Ordinal0 [0x00D30C1D+199709]
	Ordinal0 [0x00D2EB0B+191243]
	Ordinal0 [0x00D12E77+77431]
	Ordinal0 [0x00D13E3E+81470]
	Ordinal0 [0x00D13DC9+81353]
	Ordinal0 [0x00F00CD9+2100441]
	GetHandleVerifier [0x0116B75A+1396954]
	GetHandleVerifier [0x0116B3D9+1396057]
	GetHandleVerifier [0x01177126+1444518]
	GetHandleVerifier [0x0116BCE8+1398376]
	Ordinal0 [0x00EF7F51+2064209]
	Ordinal0 [0x00F022EB+2106091]
	Ordinal0 [0x00F02411+2106385]
	Ordinal0 [0x00F149C4+2181572]
	BaseThreadInitThunk [0x76DFFA29+25]
	RtlGetAppContainerNamedObjectPath [0x77787A9E+286]
	RtlGetAppContainerNamedObjectPath [0x77787A6E+238]
">
      <![CDATA[org.openqa.selenium.SessionNotCreatedException: session not created: This version of ChromeDriver only supports Chrome version 85
Build info: version: '3.141.59', revision: 'e82be7d358', time: '2018-11-14T08:17:03'
System info: host: 'LAPTOP-NCHEJP9L', ip: '192.168.0.8', os.name: 'Windows 10', os.arch: 'x86', os.version: '10.0', java.version: '1.8.0_341'
Driver info: driver.version: ChromeDriver
remote stacktrace: Backtrace:
Ordinal0 [0x00FFD383+3134339]
Ordinal0 [0x00EEA171+2007409]
Ordinal0 [0x00D8AEE8+569064]
Ordinal0 [0x00D1139F+70559]
Ordinal0 [0x00D0CC63+52323]
Ordinal0 [0x00D30DFC+200188]
Ordinal0 [0x00D30C1D+199709]
Ordinal0 [0x00D2EB0B+191243]
Ordinal0 [0x00D12E77+77431]
Ordinal0 [0x00D13E3E+81470]
Ordinal0 [0x00D13DC9+81353]
Ordinal0 [0x00F00CD9+2100441]
GetHandleVerifier [0x0116B75A+1396954]
GetHandleVerifier [0x0116B3D9+1396057]
GetHandleVerifier [0x01177126+1444518]
GetHandleVerifier [0x0116BCE8+1398376]
Ordinal0 [0x00EF7F51+2064209]
Ordinal0 [0x00F022EB+2106091]
Ordinal0 [0x00F02411+2106385]
Ordinal0 [0x00F149C4+2181572]
BaseThreadInitThunk [0x76DFFA29+25]
RtlGetAppContainerNamedObjectPath [0x77787A9E+286]
RtlGetAppContainerNamedObjectPath [0x77787A6E+238]

at org.openqa.selenium.remote.W3CHandshakeResponse.lambda$errorHandler$0(W3CHandshakeResponse.java:62)
at org.openqa.selenium.remote.HandshakeResponse.lambda$getResponseFunction$0(HandshakeResponse.java:30)
at org.openqa.selenium.remote.ProtocolHandshake.lambda$createSession$0(ProtocolHandshake.java:126)
at java.util.stream.ReferencePipeline$3$1.accept(Unknown Source)
at java.util.Spliterators$ArraySpliterator.tryAdvance(Unknown Source)
at java.util.stream.ReferencePipeline.forEachWithCancel(Unknown Source)
at java.util.stream.AbstractPipeline.copyIntoWithCancel(Unknown Source)
at java.util.stream.AbstractPipeline.copyInto(Unknown Source)
at java.util.stream.AbstractPipeline.wrapAndCopyInto(Unknown Source)
at java.util.stream.FindOps$FindOp.evaluateSequential(Unknown Source)
at java.util.stream.AbstractPipeline.evaluate(Unknown Source)
at java.util.stream.ReferencePipeline.findFirst(Unknown Source)
at org.openqa.selenium.remote.ProtocolHandshake.createSession(ProtocolHandshake.java:128)
at org.openqa.selenium.remote.ProtocolHandshake.createSession(ProtocolHandshake.java:74)
at org.openqa.selenium.remote.HttpCommandExecutor.execute(HttpCommandExecutor.java:136)
at org.openqa.selenium.remote.service.DriverCommandExecutor.execute(DriverCommandExecutor.java:83)
at org.openqa.selenium.remote.RemoteWebDriver.execute(RemoteWebDriver.java:552)
at org.openqa.selenium.remote.RemoteWebDriver.startSession(RemoteWebDriver.java:213)
at org.openqa.selenium.remote.RemoteWebDriver.<init>(RemoteWebDriver.java:131)
at org.openqa.selenium.chrome.ChromeDriver.<init>(ChromeDriver.java:181)
at org.openqa.selenium.chrome.ChromeDriver.<init>(ChromeDriver.java:168)
at org.openqa.selenium.chrome.ChromeDriver.<init>(ChromeDriver.java:123)
at com.lapCorpTaskTest.baseClass.initializeDriver(baseClass.java:42)
... Removed 30 stack frames]]>
    </failure>
  </testcase> <!-- @BeforeClass initializeDriver -->
  <testcase name="@AfterClass tearDown" time="0.0" classname="com.lapCorpTaskTest.baseClass">
    <skipped/>
  </testcase> <!-- @AfterClass tearDown -->
  <testcase name="user_" time="0.0" classname="com.lapCorpTaskTest.stepDefinition">
    <failure type="org.testng.TestNGException" message="
Cannot inject @Test annotated Method [user_] with [class java.lang.String].
For more information on native dependency injection please refer to http://testng.org/doc/documentation-main.html#native-dependency-injection">
      <![CDATA[org.testng.TestNGException: 
Cannot inject @Test annotated Method [user_] with [class java.lang.String].
For more information on native dependency injection please refer to http://testng.org/doc/documentation-main.html#native-dependency-injection
... Removed 24 stack frames]]>
    </failure>
  </testcase> <!-- user_ -->
  <testcase name="user_VerifiedJobTitleLocationAndId" time="0.0" classname="com.lapCorpTaskTest.stepDefinition">
    <skipped/>
  </testcase> <!-- user_VerifiedJobTitleLocationAndId -->
  <testcase name="user_clickOnApplyNowButton" time="0.0" classname="com.lapCorpTaskTest.stepDefinition">
    <skipped/>
  </testcase> <!-- user_clickOnApplyNowButton -->
  <testcase name="user_clickOnRetutrnTosearchPage" time="0.0" classname="com.lapCorpTaskTest.stepDefinition">
    <skipped/>
  </testcase> <!-- user_clickOnRetutrnTosearchPage -->
  <testcase name="user_clicksOnCareerLink" time="0.0" classname="com.lapCorpTaskTest.stepDefinition">
    <skipped/>
  </testcase> <!-- user_clicksOnCareerLink -->
  <testcase name="user_openApp" time="0.0" classname="com.lapCorpTaskTest.stepDefinition">
    <failure type="org.testng.TestNGException" message="
Cannot inject @Test annotated Method [user_openApp] with [class java.lang.String].
For more information on native dependency injection please refer to http://testng.org/doc/documentation-main.html#native-dependency-injection">
      <![CDATA[org.testng.TestNGException: 
Cannot inject @Test annotated Method [user_openApp] with [class java.lang.String].
For more information on native dependency injection please refer to http://testng.org/doc/documentation-main.html#native-dependency-injection
... Removed 24 stack frames]]>
    </failure>
  </testcase> <!-- user_openApp -->
  <testcase name="user_openApp1" time="0.0" classname="com.lapCorpTaskTest.stepDefinition">
    <failure type="org.testng.TestNGException" message="
Cannot inject @Test annotated Method [user_openApp1] with [class java.lang.String].
For more information on native dependency injection please refer to http://testng.org/doc/documentation-main.html#native-dependency-injection">
      <![CDATA[org.testng.TestNGException: 
Cannot inject @Test annotated Method [user_openApp1] with [class java.lang.String].
For more information on native dependency injection please refer to http://testng.org/doc/documentation-main.html#native-dependency-injection
... Removed 24 stack frames]]>
    </failure>
  </testcase> <!-- user_openApp1 -->
  <testcase name="user_verifiedFirstSentenceThirdParagraph" time="0.0" classname="com.lapCorpTaskTest.stepDefinition">
    <skipped/>
  </testcase> <!-- user_verifiedFirstSentenceThirdParagraph -->
  <testcase name="user_verifiedJobTitleLocationANDID" time="0.0" classname="com.lapCorpTaskTest.stepDefinition">
    <skipped/>
  </testcase> <!-- user_verifiedJobTitleLocationANDID -->
  <testcase name="user_verifiedSearchForJobPage" time="0.0" classname="com.lapCorpTaskTest.stepDefinition">
    <skipped/>
  </testcase> <!-- user_verifiedSearchForJobPage -->
  <testcase name="user_verifiedSuggestedToolAsSElenium" time="0.0" classname="com.lapCorpTaskTest.stepDefinition">
    <skipped/>
  </testcase> <!-- user_verifiedSuggestedToolAsSElenium -->
  <testcase name="user_verifiedThirdRequirementAs5Yrs" time="0.0" classname="com.lapCorpTaskTest.stepDefinition">
    <skipped/>
  </testcase> <!-- user_verifiedThirdRequirementAs5Yrs -->
  <testcase name="PostRequest" time="0.232" classname="com.lapcorptaskApi.Com_lapcorpApi_PostRequest">
    <failure type="java.lang.AssertionError" message="1 expectation failed.
Expected status code &amp;lt;201&amp;gt; but was &amp;lt;404&amp;gt;.
">
      <![CDATA[java.lang.AssertionError: 1 expectation failed.
Expected status code <201> but was <404>.

at org.codehaus.groovy.runtime.callsite.ConstructorSite$ConstructorSiteNoUnwrap.callConstructor(ConstructorSite.java:84)
at org.codehaus.groovy.runtime.callsite.AbstractCallSite.callConstructor(AbstractCallSite.java:249)
at io.restassured.internal.ResponseSpecificationImpl$HamcrestAssertionClosure.validate(ResponseSpecificationImpl.groovy:493)
at io.restassured.internal.ResponseSpecificationImpl$HamcrestAssertionClosure$validate$1.call(Unknown Source)
at io.restassured.internal.ResponseSpecificationImpl.validateResponseIfRequired(ResponseSpecificationImpl.groovy:674)
at org.codehaus.groovy.runtime.callsite.PlainObjectMetaMethodSite.doInvoke(PlainObjectMetaMethodSite.java:43)
at org.codehaus.groovy.runtime.callsite.PogoMetaMethodSite$PogoCachedMethodSiteNoUnwrapNoCoerce.invoke(PogoMetaMethodSite.java:190)
at org.codehaus.groovy.runtime.callsite.PogoMetaMethodSite.callCurrent(PogoMetaMethodSite.java:58)
at org.codehaus.groovy.runtime.callsite.AbstractCallSite.callCurrent(AbstractCallSite.java:168)
at io.restassured.internal.ResponseSpecificationImpl.statusCode(ResponseSpecificationImpl.groovy:126)
at io.restassured.specification.ResponseSpecification$statusCode$0.callCurrent(Unknown Source)
at io.restassured.internal.ResponseSpecificationImpl.statusCode(ResponseSpecificationImpl.groovy:134)
at io.restassured.internal.ValidatableResponseOptionsImpl.statusCode(ValidatableResponseOptionsImpl.java:89)
at io.restassured.internal.ValidatableResponseImpl.super$2$statusCode(ValidatableResponseImpl.groovy)
at groovy.lang.MetaMethod.doMethodInvoke(MetaMethod.java:323)
at groovy.lang.MetaClassImpl.invokeMethod(MetaClassImpl.java:1217)
at org.codehaus.groovy.runtime.ScriptBytecodeAdapter.invokeMethodOnSuperN(ScriptBytecodeAdapter.java:144)
at io.restassured.internal.ValidatableResponseImpl.statusCode(ValidatableResponseImpl.groovy:142)
at io.restassured.internal.ValidatableResponseImpl.statusCode(ValidatableResponseImpl.groovy)
at com.lapcorptaskApi.Com_lapcorpApi_PostRequest.PostRequest(Com_lapcorpApi_PostRequest.java:47)
... Removed 40 stack frames]]>
    </failure>
  </testcase> <!-- PostRequest -->
  <testcase name="get_UserInfo" time="0.191" classname="com.lapcorptaskApi.Com_lapcorpApi_GetRequest">
    <failure type="io.restassured.path.json.exception.JsonPathException" message="Failed to parse the JSON document">
      <![CDATA[io.restassured.path.json.exception.JsonPathException: Failed to parse the JSON document
at io.restassured.path.json.JsonPath$ExceptionCatcher.invoke(JsonPath.java:1002)
at io.restassured.path.json.JsonPath$4.doParseWith(JsonPath.java:967)
at io.restassured.path.json.JsonPath$JsonParser.parseWith(JsonPath.java:1047)
at io.restassured.path.json.JsonPath.get(JsonPath.java:202)
at io.restassured.path.json.JsonPath$get$0.call(Unknown Source)
at io.restassured.internal.RestAssuredResponseOptionsGroovyImpl.path(RestAssuredResponseOptionsGroovyImpl.groovy:407)
at io.restassured.internal.RestAssuredResponseOptionsImpl.path(RestAssuredResponseOptionsImpl.java:230)
at com.lapcorptaskApi.Com_lapcorpApi_GetRequest.get_UserInfo(Com_lapcorpApi_GetRequest.java:27)
Caused by: groovy.json.JsonException: A JSON payload should start with an openning curly brace '{' or an openning square bracket '['.
Instead, '"Not found"' was found on line: 1, column: 1
at org.codehaus.groovy.runtime.callsite.ConstructorSite$ConstructorSiteNoUnwrapNoCoerce.callConstructor(ConstructorSite.java:105)
at org.codehaus.groovy.runtime.callsite.AbstractCallSite.callConstructor(AbstractCallSite.java:249)
at io.restassured.internal.path.json.ConfigurableJsonSlurper.parse(ConfigurableJsonSlurper.groovy:114)
at io.restassured.internal.path.json.ConfigurableJsonSlurper$parse.callCurrent(Unknown Source)
at io.restassured.internal.path.json.ConfigurableJsonSlurper.parseText(ConfigurableJsonSlurper.groovy:83)
at io.restassured.path.json.JsonPath$4$1.method(JsonPath.java:965)
at io.restassured.path.json.JsonPath$ExceptionCatcher.invoke(JsonPath.java:1000)
... 32 more
... Removed 30 stack frames]]>
    </failure>
  </testcase> <!-- get_UserInfo -->
</testsuite> <!-- Test-firefox -->
